[www.stacylelfitness.com/index.html]
[static.parastorage.com/unpkg/core-js-bundle@3.2.1/minified.js]
[static.parastorage.com/unpkg/focus-within-polyfill@5.0.9/dist/focus-within-polyfill.js]
[static.wixstatic.com/media/3bb39c_b97cd1b862424635adaedd1c428ba6c4_mv2.png/v1/fill/w_32,h_32,lg_1,usm_0.66_1.00_0.01/3bb39c_b97cd1b862424635adaedd1c428ba6c4_mv2.0]
[backblue.gif]
[fade.gif]
[index.html]
[polyfill.io/v3/polyfill.mind82c.js]
[browser.sentry-cdn.com/6.18.2/bundle.min.js]
[www.stacylelfitness.com/decodeURIComponent(e]
[www.stacylelfitness.com/sitemap.xml]
[www.stacylelfitness.com/feed.xml]
[static.parastorage.com/services/wix-thunderbolt/dist/ab-test-compilation/thunderbolt-commons.7ca534fa.bundle.min.js]
[static.parastorage.com/services/wix-thunderbolt/dist/ab-test-compilation/main.c16c2c7f.bundle.min.js]
[static.parastorage.com/unpkg/lodash@4.17.21/lodash.min.js]
[static.parastorage.com/unpkg/react@16.14.0/umd/react.production.min.js]
[static.parastorage.com/services/tag-manager-client/1.427.0/siteTags.bundle.min.js]
[static.parastorage.com/services/wix-perf-measure/1.1042.0/wix-perf-measure.bundle.min.js]
[static.parastorage.com/unpkg/react-dom@16.14.0/umd/react-dom.production.min.js]
[www.stacylelfitness.com/eec152dc.min.css]
[www.stacylelfitness.com/b604fd33.min.css]
[www.stacylelfitness.com/7c602eb2.min.css]
[www.stacylelfitness.com/caeea34d.min.css]
[www.stacylelfitness.com/99a6a99f.min.css]
[www.stacylelfitness.com/62a3290c.min.css]
[www.stacylelfitness.com/1f15f937.min.css]
[www.stacylelfitness.com/34b72cf9.min.css]
[www.stacylelfitness.com/7a36fe10.chunk.min.js]
[www.stacylelfitness.com/e3671379.chunk.min.js]
[www.stacylelfitness.com/rb_wixui.thunderbolt_bootstrap-classic.db545a77.chunk.min.js]
[www.stacylelfitness.com/rb_wixui.thunderbolt_bootstrap.8a86afda.chunk.min.css]
[www.stacylelfitness.com/rb_wixui.thunderbolt_bootstrap.7a36fe10.chunk.min.js]
[www.stacylelfitness.com/rb_wixui.thunderbolt_bootstrap-responsive.f3ca696f.chunk.min.css]
[www.stacylelfitness.com/rb_wixui.thunderbolt_bootstrap-responsive.e3671379.chunk.min.js]
[www.stacylelfitness.com/rb_wixui.thunderbolt_common-site-members-dialogs.384b0b57.chunk.min.css]
[www.stacylelfitness.com/rb_wixui.thunderbolt_common-site-members-dialogs.2059cbfd.chunk.min.js]
[www.stacylelfitness.com/memberships.html]
[static.wixstatic.com/media/3bb39c_49b1420ffd2f4abcb6c48208b08f1837_mv2.png/v1/fill/w_287,h_29,al_c,q_85,usm_0.66_1.00_0.01,enc_aut/SLF-StacyLelFitness-Spruce-Web]
[www.stacylelfitness.com/cart-page.html]
[www.stacylelfitness.com/videos.html]
[www.stacylelfitness.com/new-releases.html]
[www.stacylelfitness.com/signature.html]
[www.stacylelfitness.com/express.html]
[www.stacylelfitness.com/addons.html]
[www.stacylelfitness.com/copy-of-new-releases.html]
[www.stacylelfitness.com/recovery.html]
[www.stacylelfitness.com/fundamentals.html]
[www.stacylelfitness.com/copy-of-express.html]
[www.stacylelfitness.com/live.html]
[www.stacylelfitness.com/meet-stacy.html]
[www.stacylelfitness.com/fitness-challenges.html]
[www.stacylelfitness.com/weekly-schedules.html]
[www.stacylelfitness.com/explore-slf.html]
[static.wixstatic.com/media/3bb39c_f27dfe44f7f24968a86cce02d46568c5_mv2.jpg/v1/fill/w_147,h_98,al_c,q_80,usm_0.66_1.00_0.01,blur_2,/3bb39c_f27dfe44f7f24968a86cce02]
[static.wixstatic.com/media/3bb39c_eddacab222a34714892a252565a096f9_mv2.png/v1/fill/w_410,h_129,al_c,q_85,usm_0.66_1.00_0.01,enc_auto/SLF-PushYourSLF-Oat.png]
[www.stacylelfitness.com/lets-chat.html]
[static.wixstatic.com/media/3bb39c_e0e27ba88bab4691ae397713c5ab3451_mv2.png/v1/fill/w_90,h_49,al_c,q_85,usm_0.66_1.00_0.01,blur_2,enc_auto/screens-01.png]
[static.wixstatic.com/media/3bb39c_32999e389b934bb298a275f93ab18d02_mv2.png/v1/fill/w_482,h_158,al_c,q_85,usm_0.66_1.00_0.01,enc_au/SLF-SLFMovement-Spruce.34.delay]
[static.wixstatic.com/media/3bb39c_bfd2aab327fe453e935b2693d150bc45_mv2.jpg/v1/fill/w_141,h_94,al_c,q_80,usm_0.66_1.00_0.01,blur_2,/3bb39c_bfd2aab327fe453e935b2693]
[static.wixstatic.com/media/3bb39c_cb00ebd559bf412abba19c65be113145_mv2.jpg/v1/fill/w_141,h_94,al_c,q_80,usm_0.66_1.00_0.01,blur_2,/3bb39c_cb00ebd559bf412abba19c65]
[static.wixstatic.com/media/3bb39c_9093104cb9bb46f69eaab7b417b26a18_mv2.jpg/v1/fill/w_141,h_94,al_c,q_80,usm_0.66_1.00_0.01,blur_2,/3bb39c_9093104cb9bb46f69eaab7b4]
[static.wixstatic.com/media/3bb39c_ea26c4456251497399f3a4da0a846aaf_mv2.png/v1/fill/w_109,h_125,al_c,q_85,usm_0.66_1.00_0.01,blur_3,enc_auto/SLF-SLF-Oat.png]
[www.stacylelfitness.com/faq.html]
[www.stacylelfitness.com/_files/ugd/SLF%20VIDEO%20CHECKLIST%20PRINTABLE%20%284%29.pdf_; filename_=UTF-8''SLF%20VIDEO%20CHECKLIST%20PRINTABLE%20%284%29.pdf]
[www.stacylelfitness.com/terms-and-conditions.html]
[www.stacylelfitness.com/_files/ugd/OCTOBER%202022%20-%20FIT%204%20FALL%20CHALLENGE.pdf_; filename_=UTF-8''OCTOBER%202022%20-%20FIT%204%20FALL%20CHALLENGE.pdf]
[www.stacylelfitness.com/index.html]
[www.stacylelfitness.com/decodeURIComponent(e.html]
[www.stacylelfitness.com/feed.html]
[www.stacylelfitness.com/eec152dc.min.html]
[www.stacylelfitness.com/b604fd33.min.html]
[www.stacylelfitness.com/7c602eb2.min.html]
[www.stacylelfitness.com/caeea34d.min.html]
[www.stacylelfitness.com/99a6a99f.min.html]
[www.stacylelfitness.com/62a3290c.min.html]
[www.stacylelfitness.com/1f15f937.min.html]
[www.stacylelfitness.com/34b72cf9.min.html]
[www.stacylelfitness.com/7a36fe10.chunk.min.html]
[www.stacylelfitness.com/e3671379.chunk.min.html]
[www.stacylelfitness.com/rb_wixui.thunderbolt_bootstrap-classic.db545a77.chunk.min.html]
[www.stacylelfitness.com/rb_wixui.thunderbolt_bootstrap.8a86afda.chunk.min.html]
[www.stacylelfitness.com/rb_wixui.thunderbolt_bootstrap.7a36fe10.chunk.min.html]
[www.stacylelfitness.com/rb_wixui.thunderbolt_bootstrap-responsive.f3ca696f.chunk.min.html]
[www.stacylelfitness.com/rb_wixui.thunderbolt_bootstrap-responsive.e3671379.chunk.min.html]
[www.stacylelfitness.com/rb_wixui.thunderbolt_common-site-members-dialogs.384b0b57.chunk.min.html]
[www.stacylelfitness.com/rb_wixui.thunderbolt_common-site-members-dialogs.2059cbfd.chunk.min.html]
[static.parastorage.com/services/wix-thunderbolt/dist/bootstrap-features.9ca6e510.bundle.min.js]
[static.parastorage.com/services/wix-thunderbolt/dist/main.cb675ae8.bundle.min.js]
[static.parastorage.com/services/pricing-plans-tpa/1.2216.0/client/List.chunk.min.css]
[static.parastorage.com/services/pricing-plans-tpa/1.2216.0/client/7724.chunk.min.js]
[static.parastorage.com/services/pricing-plans-tpa/1.2216.0/client/List.chunk.min.js]
[www.stacylelfitness.com/memberships.html]
[www.stacylelfitness.com/cart-page.html]
[www.stacylelfitness.com/videos.html]
[www.stacylelfitness.com/new-releases.html]
[www.stacylelfitness.com/signature.html]
[www.stacylelfitness.com/express.html]
[www.stacylelfitness.com/addons.html]
[www.stacylelfitness.com/copy-of-new-releases.html]
[www.stacylelfitness.com/recovery.html]
[www.stacylelfitness.com/fundamentals.html]
[www.stacylelfitness.com/copy-of-express.html]
[www.stacylelfitness.com/live.html]
[www.stacylelfitness.com/version/index.html]
[static.parastorage.com/services/pro-gallery-santa-wrapper/1.2776.0/staticCss.min.css]
[static.wixstatic.com/media/3bb39c_96e44ccc6799488c84358351e7f10cbf_mv2.jpg/v1/crop/x_598,y_639,w_3301,h_4950/fill/w_600,h_900,al_c,q_85,usm_0.66/unnamed.43.delaye]
[static.wixstatic.com/media/3bb39c_4c4b2e7a75d24782969a9ff41ce1cd48_mv2.jpg/v1/fill/w_305,h_305,q_90/3bb39c_4c4b2e7a75d24782969a9ff41ce1cd48_mv2.jpg]
[www.stacylelfitness.com/signature0152.html]
[static.wixstatic.com/media/3bb39c_950c6fc6f57543a4906857995ba83599_mv2.jpg/v1/fill/w_305,h_305,q_90/3bb39c_950c6fc6f57543a4906857995ba83599_mv2.jpg]
[www.stacylelfitness.com/expressd2bb.html]
[www.stacylelfitness.com/expressce66.html]
[static.wixstatic.com/media/3bb39c_65acd26942c44ed7bde4b1fd543c24ee_mv2.jpg/v1/fill/w_305,h_305,q_90/3bb39c_65acd26942c44ed7bde4b1fd543c24ee_mv2.jpg]
[www.stacylelfitness.com/addonsf74d.html]
[static.wixstatic.com/media/3bb39c_bdf1e0f3bd324aea9497afdd144cdb05_mv2.jpg/v1/fill/w_305,h_305,q_90/3bb39c_bdf1e0f3bd324aea9497afdd144cdb05_mv2.jpg]
[www.stacylelfitness.com/addons8f12.html]
[static.wixstatic.com/media/3bb39c_8a66ffc6002d4404b96d51dc26b892c3_mv2.jpg/v1/fill/w_305,h_305,q_90/3bb39c_8a66ffc6002d4404b96d51dc26b892c3_mv2.jpg]
[static.wixstatic.com/media/3bb39c_a90c8d0768424672aed3d6b0ee76d71c_mv2.jpg/v1/fill/w_305,h_305,q_90/3bb39c_a90c8d0768424672aed3d6b0ee76d71c_mv2.jpg]
[www.stacylelfitness.com/signature69ba.html]
[static.wixstatic.com/media/3bb39c_da0e7ad7b3214300a6f43f3dcff64adf_mv2.jpg/v1/fill/w_305,h_305,q_90/3bb39c_da0e7ad7b3214300a6f43f3dcff64adf_mv2.jpg]
[www.stacylelfitness.com/addons8134.html]
[www.stacylelfitness.com/addons9571.html]
[static.wixstatic.com/media/3bb39c_ed2592da16004ba68f235c8e40b5cf2b_mv2.jpg/v1/fill/w_305,h_305,q_90/3bb39c_ed2592da16004ba68f235c8e40b5cf2b_mv2.jpg]
[www.stacylelfitness.com/express3191.html]
[static.wixstatic.com/media/3bb39c_3ae8486d688f4443be214e673e4fcc2a_mv2.jpg/v1/fill/w_305,h_305,q_90/3bb39c_3ae8486d688f4443be214e673e4fcc2a_mv2.jpg]
[www.stacylelfitness.com/addons7759.html]
[static.wixstatic.com/media/3bb39c_7003da64dc76482c87f827c2ddca139a_mv2.jpg/v1/fill/w_305,h_305,q_90/3bb39c_7003da64dc76482c87f827c2ddca139a_mv2.jpg]
[www.stacylelfitness.com/addonsda34.html]
[static.wixstatic.com/media/3bb39c_f0f2dfaec88847f5b4b3fff13d250b33_mv2.jpg/v1/fill/w_305,h_305,q_90/3bb39c_f0f2dfaec88847f5b4b3fff13d250b33_mv2.jpg]
[static.wixstatic.com/media/3bb39c_af940dee218a46ff9f6c9d34611aea10_mv2.jpg/v1/fill/w_305,h_305,q_90/3bb39c_af940dee218a46ff9f6c9d34611aea10_mv2.jpg]
[www.stacylelfitness.com/express3cd8.html]
[static.wixstatic.com/media/3bb39c_dc4752e8736a4a38a1381f4519b675d4_mv2.jpg/v1/fill/w_305,h_305,q_90/3bb39c_dc4752e8736a4a38a1381f4519b675d4_mv2.jpg]
[www.stacylelfitness.com/express0b8f.html]
[static.wixstatic.com/media/3bb39c_83e8a8147ef14fd481f883cd6399f71b_mv2.jpg/v1/fill/w_305,h_305,q_90/3bb39c_83e8a8147ef14fd481f883cd6399f71b_mv2.jpg]
[www.stacylelfitness.com/signature48bf.html]
[static.wixstatic.com/media/3bb39c_dec3522fbbe247e2b7de0b8bb4099e29_mv2.jpg/v1/fill/w_305,h_305,q_90/3bb39c_dec3522fbbe247e2b7de0b8bb4099e29_mv2.jpg]
[www.stacylelfitness.com/express5ea0.html]
[www.stacylelfitness.com/express8d7a.html]
[static.wixstatic.com/media/3bb39c_bfc2d7345a3341849790ea0f7a757b10_mv2.jpg/v1/fill/w_305,h_305,q_90/3bb39c_bfc2d7345a3341849790ea0f7a757b10_mv2.jpg]
[static.wixstatic.com/media/3bb39c_a32849f02e1b4f458395e0f3d5185ff5_mv2.jpg/v1/fill/w_305,h_305,q_90/3bb39c_a32849f02e1b4f458395e0f3d5185ff5_mv2.jpg]
[www.stacylelfitness.com/express8280.html]
[www.stacylelfitness.com/express066c.html]
[static.wixstatic.com/media/3bb39c_314a6088292f43d9ba113990ea971bcc_mv2.jpg/v1/fill/w_305,h_305,q_90/3bb39c_314a6088292f43d9ba113990ea971bcc_mv2.jpg]
[static.wixstatic.com/media/3bb39c_4087d32cc4964a79b6f822f0b38f1457_mv2.jpg/v1/fill/w_305,h_305,q_90/3bb39c_4087d32cc4964a79b6f822f0b38f1457_mv2.jpg]
[www.stacylelfitness.com/recovery4829.html]
[static.wixstatic.com/media/3bb39c_92e291ca4ca24f0f93e08f115d4d9abf_mv2.jpg/v1/fill/w_305,h_305,q_90/3bb39c_92e291ca4ca24f0f93e08f115d4d9abf_mv2.jpg]
[www.stacylelfitness.com/express02b6.html]
[www.stacylelfitness.com/addons3403.html]
[static.wixstatic.com/media/3bb39c_028d2f82c5d74372a922e5d7d218732f_mv2.jpg/v1/fill/w_305,h_305,q_90/3bb39c_028d2f82c5d74372a922e5d7d218732f_mv2.jpg]
[static.wixstatic.com/media/3bb39c_4b45e55beded440f831a656670756eea_mv2.jpg/v1/fill/w_305,h_305,q_90/3bb39c_4b45e55beded440f831a656670756eea_mv2.jpg]
[www.stacylelfitness.com/signature42c4.html]
[www.stacylelfitness.com/signature3c6f.html]
[static.wixstatic.com/media/3bb39c_6b2f10dee5004b49ad079bc0a61e2dd5_mv2.jpg/v1/fill/w_305,h_305,q_90/3bb39c_6b2f10dee5004b49ad079bc0a61e2dd5_mv2.jpg]
[www.stacylelfitness.com/signature9d81.html]
[static.wixstatic.com/media/3bb39c_ddaff71102bb4b03a435fb41689d56a1_mv2.jpg/v1/fill/w_305,h_305,q_90/3bb39c_ddaff71102bb4b03a435fb41689d56a1_mv2.jpg]
[www.stacylelfitness.com/expressc026.html]
[static.wixstatic.com/media/3bb39c_6dc944ab95b04dd28ae4f7bfaced818e_mv2.jpg/v1/fill/w_305,h_305,q_90/3bb39c_6dc944ab95b04dd28ae4f7bfaced818e_mv2.jpg]
[static.wixstatic.com/media/3bb39c_ff159ba9794f46a6a4ddff35ed421995_mv2.jpg/v1/fill/w_305,h_305,q_90/3bb39c_ff159ba9794f46a6a4ddff35ed421995_mv2.jpg]
[www.stacylelfitness.com/expressc9fa.html]
[www.stacylelfitness.com/addons8f74.html]
[static.wixstatic.com/media/3bb39c_1349e691dcdf4af586d2ef0463a4c9b4_mv2.jpg/v1/fill/w_305,h_305,q_90/3bb39c_1349e691dcdf4af586d2ef0463a4c9b4_mv2.jpg]
[www.stacylelfitness.com/signature86f7.html]
[static.wixstatic.com/media/3bb39c_50673c39c6404ad2bc4a69c1be5fc68d_mv2.jpg/v1/fill/w_305,h_305,q_90/3bb39c_50673c39c6404ad2bc4a69c1be5fc68d_mv2.jpg]
[static.wixstatic.com/media/3bb39c_a66d87b2085a4437b64ccb0adf7f2996_mv2.jpg/v1/fill/w_305,h_305,q_90/3bb39c_a66d87b2085a4437b64ccb0adf7f2996_mv2.jpg]
[www.stacylelfitness.com/addonsac2f.html]
[www.stacylelfitness.com/addonse68b.html]
[static.wixstatic.com/media/3bb39c_2e114e434fb84afcbf1c75d132154044_mv2.jpg/v1/fill/w_305,h_305,q_90/3bb39c_2e114e434fb84afcbf1c75d132154044_mv2.jpg]
[static.wixstatic.com/media/3bb39c_564729f53c124b5b833cfdb2553c2009_mv2.jpg/v1/fill/w_305,h_305,q_90/3bb39c_564729f53c124b5b833cfdb2553c2009_mv2.jpg]
[www.stacylelfitness.com/signaturebfbd.html]
[static.wixstatic.com/media/3bb39c_3ac5573c0bc5492398ff09dd80236f50_mv2.jpg/v1/fill/w_305,h_305,q_90/3bb39c_3ac5573c0bc5492398ff09dd80236f50_mv2.jpg]
[www.stacylelfitness.com/expressa88a.html]
[static.wixstatic.com/media/3bb39c_314214e12a184862a2a0c7252927f28b_mv2.jpg/v1/fill/w_305,h_305,q_90/3bb39c_314214e12a184862a2a0c7252927f28b_mv2.jpg]
[www.stacylelfitness.com/addons7cf3.html]
[static.wixstatic.com/media/3bb39c_ce2bc4a13f214903acef2b970888b319_mv2.jpg/v1/fill/w_305,h_305,q_90/3bb39c_ce2bc4a13f214903acef2b970888b319_mv2.jpg]
[www.stacylelfitness.com/expressc681.html]
[static.wixstatic.com/media/3bb39c_881c77462e414ff0a01d6e79b821bc1b_mv2.jpg/v1/fill/w_305,h_305,q_90/3bb39c_881c77462e414ff0a01d6e79b821bc1b_mv2.jpg]
[www.stacylelfitness.com/express35ca.html]
[static.wixstatic.com/media/3bb39c_5c24fbc2dfac4785936496903e0c6bdd_mv2.jpg/v1/fill/w_305,h_305,q_90/3bb39c_5c24fbc2dfac4785936496903e0c6bdd_mv2.jpg]
[www.stacylelfitness.com/addons06ef.html]
[static.wixstatic.com/media/3bb39c_4915c0438b544e6f9e076e811591e16a_mv2.jpg/v1/fill/w_305,h_305,q_90/3bb39c_4915c0438b544e6f9e076e811591e16a_mv2.jpg]
[www.stacylelfitness.com/addonsdbfb.html]
[static.wixstatic.com/media/3bb39c_8e854dbed7c5412dbb161e39535dcc6b_mv2.jpg/v1/fill/w_305,h_305,q_90/3bb39c_8e854dbed7c5412dbb161e39535dcc6b_mv2.jpg]
[www.stacylelfitness.com/signature55cb.html]
[static.wixstatic.com/media/3bb39c_c1fd8388d44141508fc15d4b82d549da_mv2.jpg/v1/fill/w_305,h_305,q_90/3bb39c_c1fd8388d44141508fc15d4b82d549da_mv2.jpg]
[www.stacylelfitness.com/addons8023.html]
[static.wixstatic.com/media/3bb39c_785ad73f15914763905dbce84c4a9062_mv2.png/v1/fill/w_305,h_305,q_90/3bb39c_785ad73f15914763905dbce84c4a9062_mv2.png]
[www.stacylelfitness.com/expressf0ad.html]
[static.wixstatic.com/media/3bb39c_331f12e92b214d7d99473da6cacec1ce_mv2.png/v1/fill/w_305,h_305,q_90/3bb39c_331f12e92b214d7d99473da6cacec1ce_mv2.png]
[static.wixstatic.com/media/3bb39c_29b1eb08e406486b86c68b389997f11c_mv2.png/v1/fill/w_305,h_305,q_90/3bb39c_29b1eb08e406486b86c68b389997f11c_mv2.png]
[www.stacylelfitness.com/signaturec581.html]
[www.stacylelfitness.com/addons08aa.html]
[static.wixstatic.com/media/3bb39c_aacc965f4c9f419a916ae15bd3bc7ee2_mv2.png/v1/fill/w_305,h_305,q_90/3bb39c_aacc965f4c9f419a916ae15bd3bc7ee2_mv2.png]
[www.stacylelfitness.com/express65e3.html]
[static.wixstatic.com/media/3bb39c_f9172a9ff8d7452f850de787137d6f8c_mv2.png/v1/fill/w_305,h_305,q_90/3bb39c_f9172a9ff8d7452f850de787137d6f8c_mv2.png]
[www.stacylelfitness.com/recovery30d2.html]
[static.wixstatic.com/media/3bb39c_9407158c6cdf479cab5344a9c9796b66_mv2.png/v1/fill/w_305,h_305,q_90/3bb39c_9407158c6cdf479cab5344a9c9796b66_mv2.png]
[static.wixstatic.com/media/3bb39c_5958f33d202a4e899c6e5bccb7c28685_mv2.png/v1/fill/w_305,h_305,q_90/3bb39c_5958f33d202a4e899c6e5bccb7c28685_mv2.png]
[www.stacylelfitness.com/expressb5c0.html]
[static.wixstatic.com/media/3bb39c_64530f8852dd42189c200c119ad25a15_mv2.png/v1/fill/w_305,h_305,q_90/3bb39c_64530f8852dd42189c200c119ad25a15_mv2.png]
[static.wixstatic.com/media/3bb39c_bd633fdda30c4d22aa563a88e1604d51_mv2.png/v1/fill/w_305,h_305,q_90/3bb39c_bd633fdda30c4d22aa563a88e1604d51_mv2.png]
[static.wixstatic.com/media/3bb39c_bf22c8f9c6c54ecdaeb26b7d41ca463d_mv2.png/v1/fill/w_305,h_305,q_90/3bb39c_bf22c8f9c6c54ecdaeb26b7d41ca463d_mv2.png]
[www.stacylelfitness.com/addonsd439.html]
[static.wixstatic.com/media/3bb39c_54a0f8a96d1b4262b8edd54ae9054a7a_mv2.png/v1/fill/w_305,h_305,q_90/3bb39c_54a0f8a96d1b4262b8edd54ae9054a7a_mv2.png]
[www.stacylelfitness.com/express1261.html]
[www.stacylelfitness.com/signatured6f9.html]
[static.wixstatic.com/media/3bb39c_7c3919de9aaf4abd8b4d8e09bfc03011_mv2.png/v1/fill/w_305,h_305,q_90/3bb39c_7c3919de9aaf4abd8b4d8e09bfc03011_mv2.png]
[static.wixstatic.com/media/3bb39c_e9ba0a2e805c418c90855e2dc0b5c727_mv2.png/v1/fill/w_305,h_305,q_90/3bb39c_e9ba0a2e805c418c90855e2dc0b5c727_mv2.png]
[static.wixstatic.com/media/3bb39c_c7f7aaceeb9447028e6a65a207c24c5c_mv2.png/v1/fill/w_305,h_305,q_90/3bb39c_c7f7aaceeb9447028e6a65a207c24c5c_mv2.png]
[www.stacylelfitness.com/recoveryaf3f.html]
[www.stacylelfitness.com/signaturead99.html]
[static.wixstatic.com/media/3bb39c_f619aa1b0b66491db0b35f0937badb7d_mv2.png/v1/fill/w_305,h_305,q_90/3bb39c_f619aa1b0b66491db0b35f0937badb7d_mv2.png]
[www.stacylelfitness.com/express2fc7.html]
[static.wixstatic.com/media/3bb39c_09e9114dfe1549a19fca593186efdd6a_mv2.png/v1/fill/w_305,h_305,q_90/3bb39c_09e9114dfe1549a19fca593186efdd6a_mv2.png]
[static.wixstatic.com/media/3bb39c_42c9563550e1482aaf1aa7826e0316bd_mv2.png/v1/fill/w_305,h_305,q_90/3bb39c_42c9563550e1482aaf1aa7826e0316bd_mv2.png]
[www.stacylelfitness.com/express754a.html]
[static.wixstatic.com/media/3bb39c_0d494853fa93449fa73b7f077920c48c_mv2.png/v1/fill/w_305,h_305,q_90/3bb39c_0d494853fa93449fa73b7f077920c48c_mv2.png]
[www.stacylelfitness.com/express27b0.html]
[static.wixstatic.com/media/3bb39c_350ac1c34d754b29a77e4a5d1c949cbf_mv2.png/v1/fill/w_305,h_305,q_90/3bb39c_350ac1c34d754b29a77e4a5d1c949cbf_mv2.png]
[static.wixstatic.com/media/3bb39c_c6cd14a2ff9a41bc8cc094a29071f307_mv2.png/v1/fill/w_305,h_305,q_90/3bb39c_c6cd14a2ff9a41bc8cc094a29071f307_mv2.png]
[static.wixstatic.com/media/3bb39c_e5c9efa4c79c40979fafcbdc46ad7517_mv2.png/v1/fill/w_305,h_305,q_90/3bb39c_e5c9efa4c79c40979fafcbdc46ad7517_mv2.png]
[www.stacylelfitness.com/addons8160.html]
[static.wixstatic.com/media/3bb39c_9ac5405026c64d35a08fad84505cff5f_mv2.png/v1/fill/w_305,h_305,q_90/3bb39c_9ac5405026c64d35a08fad84505cff5f_mv2.png]
[www.stacylelfitness.com/addonsf12b.html]
[static.wixstatic.com/media/3bb39c_93f8f0ef739b4c9ea44725808aee289c_mv2.png/v1/fill/w_305,h_305,q_90/3bb39c_93f8f0ef739b4c9ea44725808aee289c_mv2.png]
[static.wixstatic.com/media/3bb39c_ad433479a464490aa9fa49024f2649bc_mv2.png/v1/fill/w_305,h_305,q_90/3bb39c_ad433479a464490aa9fa49024f2649bc_mv2.png]
[static.wixstatic.com/media/3bb39c_69e68c998db74b709869852819485a4f_mv2.png/v1/fill/w_305,h_305,q_90/3bb39c_69e68c998db74b709869852819485a4f_mv2.png]
[www.stacylelfitness.com/signature0cd0.html]
[www.stacylelfitness.com/express998c.html]
[static.wixstatic.com/media/3bb39c_9e09a96ad0634aba9cf5ba9b26c9ce0a_mv2.jpg/v1/fill/w_305,h_305,q_90/3bb39c_9e09a96ad0634aba9cf5ba9b26c9ce0a_mv2.jpg]
[static.wixstatic.com/media/3bb39c_b0aca344c0b24a41801117b6b21c6d44_mv2.jpg/v1/fill/w_305,h_305,q_90/3bb39c_b0aca344c0b24a41801117b6b21c6d44_mv2.jpg]
[www.stacylelfitness.com/addons1222.html]
[www.stacylelfitness.com/expressd6fa.html]
[static.wixstatic.com/media/3bb39c_85130106f0aa44288bef38d4e025ee76_mv2.jpg/v1/fill/w_305,h_305,q_90/3bb39c_85130106f0aa44288bef38d4e025ee76_mv2.jpg]
[static.wixstatic.com/media/3bb39c_b883f572aa864e7e87820d378529533c_mv2.jpg/v1/fill/w_305,h_305,q_90/3bb39c_b883f572aa864e7e87820d378529533c_mv2.jpg]
[www.stacylelfitness.com/signature5dab.html]
[static.wixstatic.com/media/3bb39c_6b7ce051bc71400283ebf947e4dca5c2_mv2.jpg/v1/fill/w_305,h_305,q_90/3bb39c_6b7ce051bc71400283ebf947e4dca5c2_mv2.jpg]
[www.stacylelfitness.com/expressacdd.html]
[static.wixstatic.com/media/3bb39c_d3e422945ee54cd0930d0d91e55f1dee_mv2.jpg/v1/fill/w_305,h_305,q_90/3bb39c_d3e422945ee54cd0930d0d91e55f1dee_mv2.jpg]
[www.stacylelfitness.com/signatured499.html]
[static.wixstatic.com/media/3bb39c_d642eb25616a462988fb11645d9010eb_mv2.jpg/v1/fill/w_305,h_305,q_90/3bb39c_d642eb25616a462988fb11645d9010eb_mv2.jpg]
[www.stacylelfitness.com/express46d8.html]
[static.wixstatic.com/media/3bb39c_ddceabb8decc4604b7f8ce8825e3f719_mv2.jpg/v1/fill/w_305,h_305,q_90/3bb39c_ddceabb8decc4604b7f8ce8825e3f719_mv2.jpg]
[www.stacylelfitness.com/expressd4ec.html]
[static.wixstatic.com/media/3bb39c_d603c517a8844737a9b3fbf3c549792c_mv2.jpg/v1/fill/w_305,h_305,q_90/3bb39c_d603c517a8844737a9b3fbf3c549792c_mv2.jpg]
[www.stacylelfitness.com/signaturea30a.html]
[static.wixstatic.com/media/3bb39c_35b84ce75c32450d825b4c9d4019c973_mv2.jpg/v1/fill/w_305,h_305,q_90/3bb39c_35b84ce75c32450d825b4c9d4019c973_mv2.jpg]
[www.stacylelfitness.com/addons38b4.html]
[static.wixstatic.com/media/3bb39c_87fe28f4a12041c6bd7be529018c03d9_mv2.jpg/v1/fill/w_305,h_305,q_90/3bb39c_87fe28f4a12041c6bd7be529018c03d9_mv2.jpg]
[www.stacylelfitness.com/express5348.html]
[static.wixstatic.com/media/3bb39c_aa4d86077813498da323cffe7d1c05ce_mv2.jpg/v1/fill/w_305,h_305,q_90/3bb39c_aa4d86077813498da323cffe7d1c05ce_mv2.jpg]
[www.stacylelfitness.com/addons2181.html]
[www.stacylelfitness.com/expressf1c0.html]
[static.wixstatic.com/media/3bb39c_5c6ccbfb27254f07832b44f039d87b7e_mv2.jpg/v1/fill/w_305,h_305,q_90/3bb39c_5c6ccbfb27254f07832b44f039d87b7e_mv2.jpg]
[static.wixstatic.com/media/3bb39c_f9edc66bb6614c728aaa0eb233ccccc1_mv2.jpg/v1/fill/w_305,h_305,q_90/3bb39c_f9edc66bb6614c728aaa0eb233ccccc1_mv2.jpg]
[www.stacylelfitness.com/express12f1.html]
[www.stacylelfitness.com/addonsbe64.html]
[static.wixstatic.com/media/3bb39c_b9007e03cd3e4961b678aa53d7c1f414_mv2.jpg/v1/fill/w_305,h_305,q_90/3bb39c_b9007e03cd3e4961b678aa53d7c1f414_mv2.jpg]
[static.wixstatic.com/media/3bb39c_dce0037ade604c1c8b27a1660d567ddf_mv2.jpg/v1/fill/w_305,h_305,q_90/3bb39c_dce0037ade604c1c8b27a1660d567ddf_mv2.jpg]
[www.stacylelfitness.com/express8844.html]
[static.wixstatic.com/media/3bb39c_de6275b2f3d64c7d836b741787e120eb_mv2.jpg/v1/fill/w_305,h_305,q_90/3bb39c_de6275b2f3d64c7d836b741787e120eb_mv2.jpg]
[www.stacylelfitness.com/signature8203.html]
[static.wixstatic.com/media/3bb39c_fe7880d1ebde40e29f56180a926788cb_mv2.jpg/v1/fill/w_305,h_305,q_90/3bb39c_fe7880d1ebde40e29f56180a926788cb_mv2.jpg]
[www.stacylelfitness.com/express8965.html]
[static.wixstatic.com/media/3bb39c_28a8fc8601164ade85b16e42554faf6e_mv2.jpg/v1/fill/w_305,h_305,q_90/3bb39c_28a8fc8601164ade85b16e42554faf6e_mv2.jpg]
[www.stacylelfitness.com/addonsde3f.html]
[static.wixstatic.com/media/3bb39c_19c08303af934417b7c680fbb0bb93a1_mv2.jpg/v1/fill/w_305,h_305,q_90/3bb39c_19c08303af934417b7c680fbb0bb93a1_mv2.jpg]
[www.stacylelfitness.com/addons275d.html]
[static.wixstatic.com/media/3bb39c_569be6d4b901499391226ef136ed791b_mv2.jpg/v1/fill/w_305,h_305,q_90/3bb39c_569be6d4b901499391226ef136ed791b_mv2.jpg]
[www.stacylelfitness.com/express6cfb.html]
[www.stacylelfitness.com/addonsd421.html]
[static.wixstatic.com/media/3bb39c_5aca1a99712945749ee35ac8de204823_mv2.jpg/v1/fill/w_305,h_305,q_90/3bb39c_5aca1a99712945749ee35ac8de204823_mv2.jpg]
[static.wixstatic.com/media/3bb39c_8d91d24da30c469e830af84160a333c5_mv2.jpg/v1/fill/w_305,h_305,q_90/3bb39c_8d91d24da30c469e830af84160a333c5_mv2.jpg]
[www.stacylelfitness.com/signature3c1e.html]
[www.stacylelfitness.com/addons1658.html]
[static.wixstatic.com/media/3bb39c_32c4e8e077fa46519357ec9d8a469571_mv2.jpg/v1/fill/w_305,h_305,q_90/3bb39c_32c4e8e077fa46519357ec9d8a469571_mv2.jpg]
[static.wixstatic.com/media/3bb39c_936a52400b794ad291bee2d2d8a79223_mv2.jpg/v1/fill/w_305,h_305,q_90/3bb39c_936a52400b794ad291bee2d2d8a79223_mv2.jpg]
[www.stacylelfitness.com/fitness-challenges.html]
[www.stacylelfitness.com/addonsd1e0.html]
[static.wixstatic.com/media/3bb39c_7327afbc1fb7481a8f44acffc8ba5b0d_mv2.png/v1/fill/w_125,h_33,al_c,q_85,usm_0.66_1.00_0.01,blur_2,enc_auto/pushyourself.png]
[static.wixstatic.com/media/3bb39c_ddb0a0663d6747d496eaef3bc39a170d_mv2.jpg/v1/crop/x_692,y_528,w_3231,h_4849/fill/w_600,h_900,al_c,q_85,usm_0/unnamed-1.ef.delaye]
[www.stacylelfitness.com/fundamentals1ae5.html]
[static.wixstatic.com/media/3bb39c_039deeae5a6b45eea24095d83917124d_mv2.png/v1/fill/w_305,h_305,q_90/3bb39c_039deeae5a6b45eea24095d83917124d_mv2.png]
[static.wixstatic.com/media/3bb39c_18f94542b37e44a2af80e52b3d2aa2ab_mv2.png/v1/fill/w_305,h_305,q_90/3bb39c_18f94542b37e44a2af80e52b3d2aa2ab_mv2.png]
[static.wixstatic.com/media/3bb39c_6f0a444154334bc9988796820ddc73ab_mv2.png/v1/fill/w_305,h_305,q_90/3bb39c_6f0a444154334bc9988796820ddc73ab_mv2.png]
[static.wixstatic.com/media/3bb39c_3dbbd359b6f04aa5ace1e5a35885aff1_mv2.png/v1/fill/w_305,h_305,q_90/3bb39c_3dbbd359b6f04aa5ace1e5a35885aff1_mv2.png]
[www.stacylelfitness.com/signaturebc6e.html]
[static.wixstatic.com/media/3bb39c_0f801933b7c14fb3b505f13c8b28e3ae_mv2.png/v1/fill/w_305,h_305,q_90/3bb39c_0f801933b7c14fb3b505f13c8b28e3ae_mv2.png]
[static.wixstatic.com/media/3bb39c_2d53c8021e414f1f9e2a60dccea4122b_mv2.png/v1/fill/w_305,h_305,q_90/3bb39c_2d53c8021e414f1f9e2a60dccea4122b_mv2.png]
[www.stacylelfitness.com/recovery7e4a.html]
[static.wixstatic.com/media/3bb39c_f2982d5c24f0471fbaea4d1d298c5ce4_mv2.png/v1/fill/w_305,h_305,q_90/3bb39c_f2982d5c24f0471fbaea4d1d298c5ce4_mv2.png]
[static.wixstatic.com/media/3bb39c_6a69fb907f1243a7b161b8c1d641e974_mv2.png/v1/fill/w_305,h_305,q_90/3bb39c_6a69fb907f1243a7b161b8c1d641e974_mv2.png]
[www.stacylelfitness.com/addons8f89.html]
[static.wixstatic.com/media/3bb39c_f949ba48f5ed444a9038638da87c5fdf_mv2.png/v1/fill/w_305,h_305,q_90/3bb39c_f949ba48f5ed444a9038638da87c5fdf_mv2.png]
[www.stacylelfitness.com/addons0f5d.html]
[static.wixstatic.com/media/3bb39c_60128d40be4a4336a480140b3f66ac80_mv2.png/v1/fill/w_305,h_305,q_90/3bb39c_60128d40be4a4336a480140b3f66ac80_mv2.png]
[www.stacylelfitness.com/signature1e36.html]
[static.wixstatic.com/media/3bb39c_68fb163b31e544749db7edff87c4ced8_mv2.png/v1/fill/w_305,h_305,q_90/3bb39c_68fb163b31e544749db7edff87c4ced8_mv2.png]
[static.wixstatic.com/media/3bb39c_45b44690b92b408995bf393bd7ca22bc_mv2.png/v1/fill/w_305,h_305,q_90/3bb39c_45b44690b92b408995bf393bd7ca22bc_mv2.png]
[www.stacylelfitness.com/addonscb8e.html]
[static.wixstatic.com/media/3bb39c_0d7bcf3194414b32bd2080f0335a8723_mv2.png/v1/fill/w_305,h_305,q_90/3bb39c_0d7bcf3194414b32bd2080f0335a8723_mv2.png]
[static.wixstatic.com/media/3bb39c_77f20a17c69f4ba1bd7e5a95a3cda96e_mv2.png/v1/fill/w_305,h_305,q_90/3bb39c_77f20a17c69f4ba1bd7e5a95a3cda96e_mv2.png]
[www.stacylelfitness.com/express7d61.html]
[www.stacylelfitness.com/signaturec84d.html]
[static.wixstatic.com/media/3bb39c_9b420c2124744f64a7308ee76fdcfc15_mv2.png/v1/fill/w_305,h_305,q_90/3bb39c_9b420c2124744f64a7308ee76fdcfc15_mv2.png]
[www.stacylelfitness.com/express101b.html]
[static.wixstatic.com/media/3bb39c_5b9cfcd8b7b842c39123e9cd515ed4b3_mv2.png/v1/fill/w_305,h_305,q_90/3bb39c_5b9cfcd8b7b842c39123e9cd515ed4b3_mv2.png]
[www.stacylelfitness.com/express998b.html]
[static.wixstatic.com/media/3bb39c_d41ca8720c194cc1a016ba60750c38c1_mv2.png/v1/fill/w_305,h_305,q_90/3bb39c_d41ca8720c194cc1a016ba60750c38c1_mv2.png]
[static.wixstatic.com/media/3bb39c_7f8b01c8a8d1478ab8f9376d96f4b49b_mv2.png/v1/fill/w_305,h_305,q_90/3bb39c_7f8b01c8a8d1478ab8f9376d96f4b49b_mv2.png]
[www.stacylelfitness.com/express7742.html]
[static.wixstatic.com/media/3bb39c_731b00533b26476aaab22c5cbc2b70f0_mv2.png/v1/fill/w_305,h_305,q_90/3bb39c_731b00533b26476aaab22c5cbc2b70f0_mv2.png]
[static.wixstatic.com/media/3bb39c_a7c2ca4aaaeb409f97771fda8520751c_mv2.png/v1/fill/w_305,h_305,q_90/3bb39c_a7c2ca4aaaeb409f97771fda8520751c_mv2.png]
[static.wixstatic.com/media/3bb39c_e1bfaec5e62a413a99ff107a4ec46704_mv2.png/v1/fill/w_305,h_305,q_90/3bb39c_e1bfaec5e62a413a99ff107a4ec46704_mv2.png]
[www.stacylelfitness.com/expressf1bc.html]
[static.wixstatic.com/media/3bb39c_263e21e13a734d7bb520a150efd62726_mv2.png/v1/fill/w_305,h_305,q_90/3bb39c_263e21e13a734d7bb520a150efd62726_mv2.png]
[www.stacylelfitness.com/express7245.html]
[static.wixstatic.com/media/3bb39c_bd1fca85a07447a5a75ec0306e8687c3_mv2.png/v1/fill/w_305,h_305,q_90/3bb39c_bd1fca85a07447a5a75ec0306e8687c3_mv2.png]
[www.stacylelfitness.com/expressdffe.html]
[static.wixstatic.com/media/3bb39c_125ee63e5f9c4b2c8b255aefda378950_mv2.png/v1/fill/w_305,h_305,q_90/3bb39c_125ee63e5f9c4b2c8b255aefda378950_mv2.png]
[static.wixstatic.com/media/3bb39c_6ee08fc4fe4643519b4cdd5f068c0b55_mv2.png/v1/fill/w_305,h_305,q_90/3bb39c_6ee08fc4fe4643519b4cdd5f068c0b55_mv2.png]
[www.stacylelfitness.com/addons56bb.html]
[www.stacylelfitness.com/addons942a.html]
[static.wixstatic.com/media/3bb39c_0d6c9774f2b842b6b82c4f1f17021030_mv2.png/v1/fill/w_305,h_305,q_90/3bb39c_0d6c9774f2b842b6b82c4f1f17021030_mv2.png]
[static.wixstatic.com/media/3bb39c_ebaa808b74bb49c6919aff2f5822e45b_mv2.png/v1/fill/w_305,h_305,q_90/3bb39c_ebaa808b74bb49c6919aff2f5822e45b_mv2.png]
[static.wixstatic.com/media/3bb39c_3f31a6e1f0e843c8bf278c9b72b5b680_mv2.png/v1/fill/w_305,h_305,q_90/3bb39c_3f31a6e1f0e843c8bf278c9b72b5b680_mv2.png]
[www.stacylelfitness.com/recovery0913.html]
[static.wixstatic.com/media/3bb39c_b3b2eef241e34f18852bf129d7f079f9_mv2.png/v1/fill/w_305,h_305,q_90/3bb39c_b3b2eef241e34f18852bf129d7f079f9_mv2.png]
[static.wixstatic.com/media/3bb39c_835ded97392c42169e8222aa493156d2_mv2.png/v1/fill/w_125,h_33,al_c,q_85,usm_0.66_1.00_0.01,blur_2,enc_auto/hard.png]
[static.wixstatic.com/media/3bb39c_be205c7e9ccf4a4c9564d5bad5d2ed7b_mv2.png/v1/fill/w_305,h_305,q_90/3bb39c_be205c7e9ccf4a4c9564d5bad5d2ed7b_mv2.png]
[www.stacylelfitness.com/signatureca21.html]
[static.wixstatic.com/media/3bb39c_cb9d5ee9fbfe4d698b73120fa1181fbf_mv2.png/v1/fill/w_305,h_305,q_90/3bb39c_cb9d5ee9fbfe4d698b73120fa1181fbf_mv2.png]
[static.wixstatic.com/media/3bb39c_b83e46bfc61c41d3aa6d580890f4ed7c_mv2.png/v1/fill/w_305,h_305,q_90/3bb39c_b83e46bfc61c41d3aa6d580890f4ed7c_mv2.png]
[static.wixstatic.com/media/3bb39c_d8995944ca1741deb72ab668e1db11af_mv2.png/v1/fill/w_305,h_305,q_90/3bb39c_d8995944ca1741deb72ab668e1db11af_mv2.png]
[static.wixstatic.com/media/3bb39c_cc7760c186f64655a2c5ce02060e0a51_mv2.png/v1/fill/w_305,h_305,q_90/3bb39c_cc7760c186f64655a2c5ce02060e0a51_mv2.png]
[www.stacylelfitness.com/express96bd.html]
[static.wixstatic.com/media/3bb39c_45ea4ab1c9cb46a294e43fb89e3912b6_mv2.png/v1/fill/w_305,h_305,q_90/3bb39c_45ea4ab1c9cb46a294e43fb89e3912b6_mv2.png]
[static.wixstatic.com/media/3bb39c_aae5bc61304c40f68bb68292793c1535_mv2.png/v1/fill/w_305,h_305,q_90/3bb39c_aae5bc61304c40f68bb68292793c1535_mv2.png]
[static.wixstatic.com/media/3bb39c_6138d66716714e5eb6c6bb34a2daa880_mv2.png/v1/fill/w_305,h_305,q_90/3bb39c_6138d66716714e5eb6c6bb34a2daa880_mv2.png]
[static.wixstatic.com/media/3bb39c_cc625fa13d5848ce9f728edd046165c9_mv2.png/v1/fill/w_305,h_305,q_90/3bb39c_cc625fa13d5848ce9f728edd046165c9_mv2.png]
[www.stacylelfitness.com/expressb570.html]
[static.wixstatic.com/media/3bb39c_ea919712d553451985d1962bf682d1ca_mv2.png/v1/fill/w_305,h_305,q_90/3bb39c_ea919712d553451985d1962bf682d1ca_mv2.png]
[static.wixstatic.com/media/3bb39c_68bc19c9ea2842c0ab2e30e1abb1fca3_mv2.png/v1/fill/w_305,h_305,q_90/3bb39c_68bc19c9ea2842c0ab2e30e1abb1fca3_mv2.png]
[www.stacylelfitness.com/addonsc819.html]
[static.wixstatic.com/media/3bb39c_8a309d6d9c644fec81483d2816552f9a_mv2.png/v1/fill/w_305,h_305,q_90/3bb39c_8a309d6d9c644fec81483d2816552f9a_mv2.png]
[www.stacylelfitness.com/expressee7c.html]
[static.wixstatic.com/media/3bb39c_e7ceb37790884fb9a0ca39199bde0590_mv2.png/v1/fill/w_305,h_305,q_90/3bb39c_e7ceb37790884fb9a0ca39199bde0590_mv2.png]
[static.wixstatic.com/media/3bb39c_c80bec92ce57437ea27caef1a072b5d9_mv2.png/v1/fill/w_305,h_305,q_90/3bb39c_c80bec92ce57437ea27caef1a072b5d9_mv2.png]
[www.stacylelfitness.com/signature5220.html]
[static.wixstatic.com/media/3bb39c_c3ef41eddc05424bacdc3ecf0229e531_mv2.png/v1/fill/w_305,h_305,q_90/3bb39c_c3ef41eddc05424bacdc3ecf0229e531_mv2.png]
[www.stacylelfitness.com/addons3be7.html]
[static.wixstatic.com/media/3bb39c_73773fc49db94b26a6041b07876ff86a_mv2.png/v1/fill/w_305,h_305,q_90/3bb39c_73773fc49db94b26a6041b07876ff86a_mv2.png]
[www.stacylelfitness.com/expressb6df.html]
[static.wixstatic.com/media/3bb39c_eb2204601af849a48aa26507b42a6289_mv2.png/v1/fill/w_305,h_305,q_90/3bb39c_eb2204601af849a48aa26507b42a6289_mv2.png]
[static.wixstatic.com/media/3bb39c_4c606ce0e0cd46458e7ca27af08783b4_mv2.png/v1/fill/w_305,h_305,q_90/3bb39c_4c606ce0e0cd46458e7ca27af08783b4_mv2.png]
[www.stacylelfitness.com/express30e1.html]
[static.wixstatic.com/media/3bb39c_9328595d4430431f9bd322442b6083e2_mv2.png/v1/fill/w_305,h_305,q_90/3bb39c_9328595d4430431f9bd322442b6083e2_mv2.png]
[www.stacylelfitness.com/signatured540.html]
[static.wixstatic.com/media/3bb39c_4048798b14d442cfae3815679a1016d3_mv2.png/v1/fill/w_305,h_305,q_90/3bb39c_4048798b14d442cfae3815679a1016d3_mv2.png]
[www.stacylelfitness.com/express0526.html]
[www.stacylelfitness.com/express920c.html]
[static.wixstatic.com/media/3bb39c_9563d82e668f4d9585c95439816a22bb_mv2.png/v1/fill/w_305,h_305,q_90/3bb39c_9563d82e668f4d9585c95439816a22bb_mv2.png]
[static.wixstatic.com/media/3bb39c_41912ad2d49444eeb20f03ace6877c40_mv2.png/v1/fill/w_305,h_305,q_90/3bb39c_41912ad2d49444eeb20f03ace6877c40_mv2.png]
[www.stacylelfitness.com/recovery6e52.html]
[static.wixstatic.com/media/3bb39c_95eef0a137174bdcabfb6069a392ff93_mv2.png/v1/fill/w_305,h_305,q_90/3bb39c_95eef0a137174bdcabfb6069a392ff93_mv2.png]
[www.stacylelfitness.com/express4f3e.html]
[static.wixstatic.com/media/3bb39c_92313bf7bcb84c7f91a9596feab0ba06_mv2.png/v1/fill/w_305,h_305,q_90/3bb39c_92313bf7bcb84c7f91a9596feab0ba06_mv2.png]
[www.stacylelfitness.com/signaturee340.html]
[static.wixstatic.com/media/3bb39c_4c7a69509bdc4f88b8dfb39e83972329_mv2.png/v1/fill/w_305,h_305,q_90/3bb39c_4c7a69509bdc4f88b8dfb39e83972329_mv2.png]
[static.wixstatic.com/media/3bb39c_24f0f591a3b047ef92135274a6574072_mv2.png/v1/fill/w_305,h_305,q_90/3bb39c_24f0f591a3b047ef92135274a6574072_mv2.png]
[static.wixstatic.com/media/3bb39c_70ce05bf99d74691bca421a02bbfb03a_mv2.png/v1/fill/w_305,h_305,q_90/3bb39c_70ce05bf99d74691bca421a02bbfb03a_mv2.png]
[static.wixstatic.com/media/3bb39c_6a4cf7fc818c49f5bd35f3816ba9b9be_mv2.png/v1/fill/w_305,h_305,q_90/3bb39c_6a4cf7fc818c49f5bd35f3816ba9b9be_mv2.png]
[www.stacylelfitness.com/express775f.html]
[static.wixstatic.com/media/3bb39c_9a91171796af4908b1a4475727d141ca_mv2.png/v1/fill/w_305,h_305,q_90/3bb39c_9a91171796af4908b1a4475727d141ca_mv2.png]
[www.stacylelfitness.com/signaturede5b.html]
[www.stacylelfitness.com/signaturee75e.html]
[static.wixstatic.com/media/3bb39c_88f75391aeae44848a5dfdaa1e306321_mv2.png/v1/fill/w_305,h_305,q_90/3bb39c_88f75391aeae44848a5dfdaa1e306321_mv2.png]
[www.stacylelfitness.com/signature0a53.html]
[static.wixstatic.com/media/3bb39c_40e379885b244b879d2139fc0766eccb_mv2.png/v1/fill/w_305,h_305,q_90/3bb39c_40e379885b244b879d2139fc0766eccb_mv2.png]
[static.wixstatic.com/media/3bb39c_60d31a86c4f94d8b92ed39f6289a5124_mv2.png/v1/fill/w_305,h_305,q_90/3bb39c_60d31a86c4f94d8b92ed39f6289a5124_mv2.png]
[www.stacylelfitness.com/addons2261.html]
[static.wixstatic.com/media/3bb39c_a76f29905ddf47bfb4e400f48af3e2d2_mv2.png/v1/fill/w_305,h_305,q_90/3bb39c_a76f29905ddf47bfb4e400f48af3e2d2_mv2.png]
[www.stacylelfitness.com/express99a5.html]
[static.wixstatic.com/media/3bb39c_783c6a20bc7f41749a27adbeab0e3be5_mv2.png/v1/fill/w_125,h_34,al_c,q_85,usm_0.66_1.00_0.01,blur_2,enc_auto/harder.png]
[static.wixstatic.com/media/3bb39c_8ff3fe6c8e6349ab9f87e3e314da447b_mv2.png/v1/fill/w_305,h_305,q_90/3bb39c_8ff3fe6c8e6349ab9f87e3e314da447b_mv2.png]
[www.stacylelfitness.com/signature0486.html]
[static.wixstatic.com/media/3bb39c_3037a525d5f64a4da345df8eac61fbde_mv2.png/v1/fill/w_305,h_305,q_90/3bb39c_3037a525d5f64a4da345df8eac61fbde_mv2.png]
[www.stacylelfitness.com/signature8fee.html]
[static.wixstatic.com/media/3bb39c_0bb4ee7482094a4d9a76bf5aadfa44a4_mv2.png/v1/fill/w_305,h_305,q_90/3bb39c_0bb4ee7482094a4d9a76bf5aadfa44a4_mv2.png]
[static.wixstatic.com/media/3bb39c_698ca34a168142a1b179c6720c5c18ee_mv2.png/v1/fill/w_305,h_305,q_90/3bb39c_698ca34a168142a1b179c6720c5c18ee_mv2.png]
[static.wixstatic.com/media/3bb39c_74b5847c2b96457aafc7c90f24160ed1_mv2.png/v1/fill/w_305,h_305,q_90/3bb39c_74b5847c2b96457aafc7c90f24160ed1_mv2.png]
[static.wixstatic.com/media/3bb39c_556ba71a3fb04264b5cab36574ef7491_mv2.png/v1/fill/w_305,h_305,q_90/3bb39c_556ba71a3fb04264b5cab36574ef7491_mv2.png]
[static.wixstatic.com/media/3bb39c_0f0233cec6814e2289f047171ea7db65_mv2.png/v1/fill/w_305,h_305,q_90/3bb39c_0f0233cec6814e2289f047171ea7db65_mv2.png]
[www.stacylelfitness.com/signature87c7.html]
[static.wixstatic.com/media/3bb39c_03961462d14243d7950779bcf8b707ba_mv2.png/v1/fill/w_305,h_305,q_90/3bb39c_03961462d14243d7950779bcf8b707ba_mv2.png]
[www.stacylelfitness.com/signature3971.html]
[static.wixstatic.com/media/3bb39c_f2c3d416e859442294ca2ad2e011a1f2_mv2.png/v1/fill/w_305,h_305,q_90/3bb39c_f2c3d416e859442294ca2ad2e011a1f2_mv2.png]
[static.wixstatic.com/media/3bb39c_d6505ad9bb7e415ea3e9775365af19d8_mv2.png/v1/fill/w_305,h_305,q_90/3bb39c_d6505ad9bb7e415ea3e9775365af19d8_mv2.png]
[www.stacylelfitness.com/addons6f42.html]
[static.wixstatic.com/media/3bb39c_f1ef2737dfa942118f1836d0ec69d941_mv2.png/v1/fill/w_305,h_305,q_90/3bb39c_f1ef2737dfa942118f1836d0ec69d941_mv2.png]
[www.stacylelfitness.com/signature9702.html]
[static.wixstatic.com/media/3bb39c_fad577e539cf4e7f98c51fbf783ff024_mv2.png/v1/fill/w_305,h_305,q_90/3bb39c_fad577e539cf4e7f98c51fbf783ff024_mv2.png]
[static.wixstatic.com/media/3bb39c_11a52beb21c8429e8d2b08231fe1c3fc_mv2.png/v1/fill/w_305,h_305,q_90/3bb39c_11a52beb21c8429e8d2b08231fe1c3fc_mv2.png]
[static.wixstatic.com/media/3bb39c_58a7a42375ed46b2a51a855b5ed8e119_mv2.png/v1/fill/w_305,h_305,q_90/3bb39c_58a7a42375ed46b2a51a855b5ed8e119_mv2.png]
[static.wixstatic.com/media/3bb39c_aee493a6d1b140139e4df49169d19fe6_mv2.png/v1/fill/w_305,h_305,q_90/3bb39c_aee493a6d1b140139e4df49169d19fe6_mv2.png]
[www.stacylelfitness.com/signaturea622.html]
[static.wixstatic.com/media/3bb39c_541e9b9f370d4a37991fde585f23322a_mv2.png/v1/fill/w_305,h_305,q_90/3bb39c_541e9b9f370d4a37991fde585f23322a_mv2.png]
[static.wixstatic.com/media/3bb39c_a1298cfc7d7e439092ea6c0baf75665d_mv2.png/v1/fill/w_305,h_305,q_90/3bb39c_a1298cfc7d7e439092ea6c0baf75665d_mv2.png]
[static.wixstatic.com/media/3bb39c_47769b12645244f288a390e0cb2f7883_mv2.png/v1/fill/w_305,h_305,q_90/3bb39c_47769b12645244f288a390e0cb2f7883_mv2.png]
[www.stacylelfitness.com/signature0906.html]
[static.wixstatic.com/media/3bb39c_f6ed7b99b4674c6ea14732171925bba8_mv2.png/v1/fill/w_305,h_305,q_90/3bb39c_f6ed7b99b4674c6ea14732171925bba8_mv2.png]
[www.stacylelfitness.com/express0834.html]
[static.wixstatic.com/media/3bb39c_df7ce05e3f7b4c6596f82974f867f949_mv2.png/v1/fill/w_305,h_305,q_90/3bb39c_df7ce05e3f7b4c6596f82974f867f949_mv2.png]
[static.wixstatic.com/media/3bb39c_3051efdb02c5494d8d9f646db5f4ab7b_mv2.png/v1/fill/w_305,h_305,q_90/3bb39c_3051efdb02c5494d8d9f646db5f4ab7b_mv2.png]
[www.stacylelfitness.com/express3cd8-2.html]
[static.wixstatic.com/media/3bb39c_d2440a8047ea4bf8b1a2b218180f7c7d_mv2.png/v1/fill/w_305,h_305,q_90/3bb39c_d2440a8047ea4bf8b1a2b218180f7c7d_mv2.png]
[www.stacylelfitness.com/expressd1cc.html]
[www.stacylelfitness.com/signature650b.html]
[static.wixstatic.com/media/3bb39c_1dd9171330424a289abe01779e9ed587_mv2.png/v1/fill/w_305,h_305,q_90/3bb39c_1dd9171330424a289abe01779e9ed587_mv2.png]
[static.wixstatic.com/media/3bb39c_222cbe6d4ed04f0e8700a65ccf0d6763_mv2.png/v1/fill/w_305,h_305,q_90/3bb39c_222cbe6d4ed04f0e8700a65ccf0d6763_mv2.png]
[static.wixstatic.com/media/3bb39c_eaf0b26d8e594a899eceb072606225f2_mv2.png/v1/fill/w_305,h_305,q_90/3bb39c_eaf0b26d8e594a899eceb072606225f2_mv2.png]
[static.wixstatic.com/media/3bb39c_d111a169c0304524bd6bd9a3f07bfa06_mv2.png/v1/fill/w_305,h_305,q_90/3bb39c_d111a169c0304524bd6bd9a3f07bfa06_mv2.png]
[www.stacylelfitness.com/signature1afa.html]
[static.wixstatic.com/media/3bb39c_fe781246388d4d94b1cfb0a75fea9e53_mv2.png/v1/fill/w_305,h_305,q_90/3bb39c_fe781246388d4d94b1cfb0a75fea9e53_mv2.png]
[www.stacylelfitness.com/recoveryba5a.html]
[static.wixstatic.com/media/3bb39c_5c7d8005344d484aae946d851ae969de_mv2.png/v1/fill/w_305,h_305,q_90/3bb39c_5c7d8005344d484aae946d851ae969de_mv2.png]
[www.stacylelfitness.com/signature3b73.html]
[static.wixstatic.com/media/3bb39c_cb3201ffd23d44ebbc16a7febf7e1210_mv2.png/v1/fill/w_305,h_305,q_90/3bb39c_cb3201ffd23d44ebbc16a7febf7e1210_mv2.png]
[www.stacylelfitness.com/signature11d3.html]
[static.wixstatic.com/media/3bb39c_0ccf56a74b744ebeb9ccd4cf2da14f57_mv2.png/v1/fill/w_305,h_305,q_90/3bb39c_0ccf56a74b744ebeb9ccd4cf2da14f57_mv2.png]
[static.wixstatic.com/media/3bb39c_f194469bb3d148ff893144f7333ffa37_mv2.png/v1/fill/w_305,h_305,q_90/3bb39c_f194469bb3d148ff893144f7333ffa37_mv2.png]
[www.stacylelfitness.com/signature73d3.html]
[static.wixstatic.com/media/3bb39c_4622a3df149f444fb94b08bdfa6fa0d6_mv2.png/v1/fill/w_305,h_305,q_90/3bb39c_4622a3df149f444fb94b08bdfa6fa0d6_mv2.png]
[www.stacylelfitness.com/addonsc2fa.html]
[static.wixstatic.com/media/3bb39c_b6f4c402e03a48d6baa855e602a4882e_mv2.png/v1/fill/w_305,h_305,q_90/3bb39c_b6f4c402e03a48d6baa855e602a4882e_mv2.png]
[static.wixstatic.com/media/3bb39c_a23b28828a074765ad2e2f0107d32d2b_mv2.png/v1/fill/w_305,h_305,q_90/3bb39c_a23b28828a074765ad2e2f0107d32d2b_mv2.png]
[static.wixstatic.com/media/3bb39c_42eab501e1c14896aa1ab9ed8a5af514_mv2.png/v1/fill/w_305,h_305,q_90/3bb39c_42eab501e1c14896aa1ab9ed8a5af514_mv2.png]
[static.wixstatic.com/media/3bb39c_c7d2af8116d144e6a9c4f8db66349401_mv2.png/v1/fill/w_305,h_305,q_90/3bb39c_c7d2af8116d144e6a9c4f8db66349401_mv2.png]
[www.stacylelfitness.com/addons8705.html]
[static.wixstatic.com/media/3bb39c_033c8db2e9f84e388458a0ade1f0266f_mv2.png/v1/fill/w_305,h_305,q_90/3bb39c_033c8db2e9f84e388458a0ade1f0266f_mv2.png]
[static.wixstatic.com/media/3bb39c_8517884b702f4401acb692c6f717a019_mv2.png/v1/fill/w_305,h_305,q_90/3bb39c_8517884b702f4401acb692c6f717a019_mv2.png]
[static.wixstatic.com/media/3bb39c_80c24d6f7e354a4ebab3ad213e769a76_mv2.png/v1/fill/w_305,h_305,q_90/3bb39c_80c24d6f7e354a4ebab3ad213e769a76_mv2.png]
[www.stacylelfitness.com/expressc4a8.html]
[www.stacylelfitness.com/expresse431.html]
[static.wixstatic.com/media/3bb39c_611f3df5c40b4d76b32e3c6a89f37f48_mv2.png/v1/fill/w_305,h_305,q_90/3bb39c_611f3df5c40b4d76b32e3c6a89f37f48_mv2.png]
[static.wixstatic.com/media/3bb39c_da0f1b5cda6d434faf7c20df9d58fbd7_mv2.png/v1/fill/w_305,h_305,q_90/3bb39c_da0f1b5cda6d434faf7c20df9d58fbd7_mv2.png]
[www.stacylelfitness.com/videos3104.html]
[www.stacylelfitness.com/videos06ff.html]
[static.wixstatic.com/media/3bb39c_e657329754a64943b46e7bcdd77a22a4_mv2.png/v1/fill/w_305,h_305,q_90/3bb39c_e657329754a64943b46e7bcdd77a22a4_mv2.png]
[static.wixstatic.com/media/3bb39c_d2ce4fe2279e4a89bcf981e93c10b141_mv2.png/v1/fill/w_305,h_305,q_90/3bb39c_d2ce4fe2279e4a89bcf981e93c10b141_mv2.png]
[www.stacylelfitness.com/videos6faf.html]
[static.wixstatic.com/media/3bb39c_e2b0c0cbe3f54b189f7283b9f1e38a5c_mv2.png/v1/fill/w_305,h_305,q_90/3bb39c_e2b0c0cbe3f54b189f7283b9f1e38a5c_mv2.png]
[www.stacylelfitness.com/videosaf71.html]
[static.wixstatic.com/media/3bb39c_98ad823dcd77477895b7978e103a708c_mv2.png/v1/fill/w_305,h_305,q_90/3bb39c_98ad823dcd77477895b7978e103a708c_mv2.png]
[www.stacylelfitness.com/videos6de7.html]
[static.wixstatic.com/media/3bb39c_e62ca787c4394238a994c067501b7975_mv2.png/v1/fill/w_305,h_305,q_90/3bb39c_e62ca787c4394238a994c067501b7975_mv2.png]
[www.stacylelfitness.com/videosc894.html]
[static.wixstatic.com/media/3bb39c_d0a8cd5c2381473191477560b649d840_mv2.png/v1/fill/w_305,h_305,q_90/3bb39c_d0a8cd5c2381473191477560b649d840_mv2.png]
[www.stacylelfitness.com/videos0c49.html]
[www.stacylelfitness.com/videos56c0.html]
[static.wixstatic.com/media/3bb39c_0929139ef93c4a28a300e02c6faa14fc_mv2.png/v1/fill/w_305,h_305,q_90/3bb39c_0929139ef93c4a28a300e02c6faa14fc_mv2.png]
[www.stacylelfitness.com/videos16be.html]
[static.wixstatic.com/media/3bb39c_4d282d4490cc4e1d95c4f22f585c4ecb_mv2.png/v1/fill/w_305,h_305,q_90/3bb39c_4d282d4490cc4e1d95c4f22f585c4ecb_mv2.png]
[www.stacylelfitness.com/signature929e.html]
[static.wixstatic.com/media/3bb39c_db24d60490014ffea82b563bab63cd08_mv2.png/v1/fill/w_305,h_305,q_90/3bb39c_db24d60490014ffea82b563bab63cd08_mv2.png]
[static.wixstatic.com/media/3bb39c_7397ee4c43ea4499bf2bac2f7eb91e7b_mv2.png/v1/fill/w_305,h_305,q_90/3bb39c_7397ee4c43ea4499bf2bac2f7eb91e7b_mv2.png]
[www.stacylelfitness.com/new-releases8621.html]
[static.wixstatic.com/media/3bb39c_d18ad114fd7e422aa4bb46f6d338e9f8_mv2.png/v1/fill/w_305,h_305,q_90/3bb39c_d18ad114fd7e422aa4bb46f6d338e9f8_mv2.png]
[static.wixstatic.com/media/3bb39c_c0cf3fa54d6f4601985765312900dfbf_mv2.png/v1/fill/w_305,h_305,q_90/3bb39c_c0cf3fa54d6f4601985765312900dfbf_mv2.png]
[static.wixstatic.com/media/3bb39c_794a75b74a214582be7ed08cfaa1e0a2_mv2.png/v1/fill/w_305,h_305,q_90/3bb39c_794a75b74a214582be7ed08cfaa1e0a2_mv2.png]
[static.wixstatic.com/media/3bb39c_69e71cc882eb4d58bbb5264d4fd84118_mv2.png/v1/fill/w_305,h_305,q_90/3bb39c_69e71cc882eb4d58bbb5264d4fd84118_mv2.png]
[static.wixstatic.com/media/3bb39c_935d58f604464df389a8bc62a57fbef2_mv2.png/v1/fill/w_305,h_305,q_90/3bb39c_935d58f604464df389a8bc62a57fbef2_mv2.png]
[www.stacylelfitness.com/addons3ce6.html]
[static.wixstatic.com/media/3bb39c_74b0ff53e1d14235a8dbf4362bec2062_mv2.png/v1/fill/w_305,h_305,q_90/3bb39c_74b0ff53e1d14235a8dbf4362bec2062_mv2.png]
[static.wixstatic.com/media/3bb39c_2457529234b64a02a3d96fc73826ea72_mv2.png/v1/fill/w_305,h_305,q_90/3bb39c_2457529234b64a02a3d96fc73826ea72_mv2.png]
[www.stacylelfitness.com/signaturea2cf.html]
[static.wixstatic.com/media/3bb39c_65d56ceec1344d0ab1b8e7c2ca6e5ffc_mv2.png/v1/fill/w_305,h_305,q_90/3bb39c_65d56ceec1344d0ab1b8e7c2ca6e5ffc_mv2.png]
[static.wixstatic.com/media/3bb39c_c902141d689f4791ab98d01b5f4e2b4b_mv2.png/v1/fill/w_305,h_305,q_90/3bb39c_c902141d689f4791ab98d01b5f4e2b4b_mv2.png]
[www.stacylelfitness.com/signature2f32.html]
[static.wixstatic.com/media/3bb39c_e4d3c73f677147b89bf2a37a16df9e04_mv2.png/v1/fill/w_305,h_305,q_90/3bb39c_e4d3c73f677147b89bf2a37a16df9e04_mv2.png]
[www.stacylelfitness.com/expressd9da.html]
[static.wixstatic.com/media/3bb39c_2ed36bfceb4f4c8fa233424d8eb849c8_mv2.png/v1/fill/w_305,h_305,q_90/3bb39c_2ed36bfceb4f4c8fa233424d8eb849c8_mv2.png]
[www.stacylelfitness.com/addonsca50.html]
[static.wixstatic.com/media/3bb39c_692e8c0a45ce48409f6db2c9fe0346a9_mv2.png/v1/fill/w_305,h_305,q_90/3bb39c_692e8c0a45ce48409f6db2c9fe0346a9_mv2.png]
[static.wixstatic.com/media/3bb39c_ab3f105dac534d5484c95d7d6479bd39_mv2.png/v1/fill/w_305,h_305,q_90/3bb39c_ab3f105dac534d5484c95d7d6479bd39_mv2.png]
[static.wixstatic.com/media/3bb39c_1b09a294e0514eedb5c836b555abde7f_mv2.png/v1/fill/w_305,h_305,q_90/3bb39c_1b09a294e0514eedb5c836b555abde7f_mv2.png]
[static.wixstatic.com/media/3bb39c_41c57d0334f84fd6b8bea2be1eedaa5d_mv2.png/v1/fill/w_305,h_305,q_90/3bb39c_41c57d0334f84fd6b8bea2be1eedaa5d_mv2.png]
[static.wixstatic.com/media/3bb39c_87812bc202724ad28511442ca2b8ce12_mv2.png/v1/fill/w_305,h_305,q_90/3bb39c_87812bc202724ad28511442ca2b8ce12_mv2.png]
[static.wixstatic.com/media/3bb39c_ceb4956f7a944f18b5671aa96af36a84_mv2.png/v1/fill/w_305,h_305,q_90/3bb39c_ceb4956f7a944f18b5671aa96af36a84_mv2.png]
[www.stacylelfitness.com/signaturefc93.html]
[static.wixstatic.com/media/3bb39c_545683cdbb384f0d9d0fa4927e501d88_mv2.jpg/v1/fill/w_305,h_305,q_90/3bb39c_545683cdbb384f0d9d0fa4927e501d88_mv2.jpg]
[static.wixstatic.com/media/3bb39c_e9e276b3f7334e3cb71521586599beda_mv2.jpg/v1/fill/w_305,h_305,q_90/3bb39c_e9e276b3f7334e3cb71521586599beda_mv2.jpg]
[www.stacylelfitness.com/express3d4f.html]
[static.wixstatic.com/media/3bb39c_e8cbab42735d4410ac3be73e44dbe016_mv2.jpg/v1/fill/w_305,h_305,q_90/3bb39c_e8cbab42735d4410ac3be73e44dbe016_mv2.jpg]
[www.stacylelfitness.com/signature77f2.html]
[www.stacylelfitness.com/express1b8e.html]
[static.wixstatic.com/media/3bb39c_5f84f42364a245e0be820eaf97cf3ad2_mv2.jpg/v1/fill/w_305,h_305,q_90/3bb39c_5f84f42364a245e0be820eaf97cf3ad2_mv2.jpg]
[static.wixstatic.com/media/3bb39c_a465376116ff4530868ea919f5c8357d_mv2.jpg/v1/fill/w_305,h_305,q_90/3bb39c_a465376116ff4530868ea919f5c8357d_mv2.jpg]
[www.stacylelfitness.com/signature7cf6.html]
[www.stacylelfitness.com/express2dfb.html]
[static.wixstatic.com/media/3bb39c_7b2ac319680a4811a35557b3ffa2c627_mv2.jpg/v1/fill/w_305,h_305,q_90/3bb39c_7b2ac319680a4811a35557b3ffa2c627_mv2.jpg]
[static.wixstatic.com/media/3bb39c_d6ce7a745d38404bb1d32b614bb880a8_mv2.jpg/v1/fill/w_305,h_305,q_90/3bb39c_d6ce7a745d38404bb1d32b614bb880a8_mv2.jpg]
[www.stacylelfitness.com/addonscd4a.html]
[www.stacylelfitness.com/express0d79.html]
[static.wixstatic.com/media/3bb39c_114ef51439cc4049a6d901d1bfeb4dad_mv2.jpg/v1/fill/w_305,h_305,q_90/3bb39c_114ef51439cc4049a6d901d1bfeb4dad_mv2.jpg]
[static.wixstatic.com/media/3bb39c_f34ec302f22a4f848e7fab0c0841a7a3_mv2.jpg/v1/fill/w_305,h_305,q_90/3bb39c_f34ec302f22a4f848e7fab0c0841a7a3_mv2.jpg]
[www.stacylelfitness.com/express725f.html]
[static.wixstatic.com/media/3bb39c_5bd65cb7752f4aabb36ebc57cf7b5a2c_mv2.jpg/v1/fill/w_305,h_305,q_90/3bb39c_5bd65cb7752f4aabb36ebc57cf7b5a2c_mv2.jpg]
[static.wixstatic.com/media/3bb39c_4cc3dec813744825a7a34def12feac85_mv2.jpg/v1/fill/w_305,h_305,q_90/3bb39c_4cc3dec813744825a7a34def12feac85_mv2.jpg]
[static.wixstatic.com/media/3bb39c_dd32dc3c9fba415a934de819e993abad_mv2.jpg/v1/fill/w_305,h_305,q_90/3bb39c_dd32dc3c9fba415a934de819e993abad_mv2.jpg]
[www.stacylelfitness.com/expressd964.html]
[static.wixstatic.com/media/3bb39c_c05ef0c8762349db980c0bb46e3f7d60_mv2.jpg/v1/fill/w_305,h_305,q_90/3bb39c_c05ef0c8762349db980c0bb46e3f7d60_mv2.jpg]
[static.wixstatic.com/media/3bb39c_5aa7c52a202f49dab6a3bee5e3ed972e_mv2.jpg/v1/fill/w_305,h_305,q_90/3bb39c_5aa7c52a202f49dab6a3bee5e3ed972e_mv2.jpg]
[static.wixstatic.com/media/3bb39c_3de67cf630c4436ca583ce0d897c44d2_mv2.jpg/v1/fill/w_305,h_305,q_90/3bb39c_3de67cf630c4436ca583ce0d897c44d2_mv2.jpg]
[static.wixstatic.com/media/3bb39c_0998c05b91034bf6a71510ad49b41736_mv2.jpg/v1/fill/w_305,h_305,q_90/3bb39c_0998c05b91034bf6a71510ad49b41736_mv2.jpg]
[www.stacylelfitness.com/weekly-schedules.html]
[www.stacylelfitness.com/signature7b0b.html]
[www.stacylelfitness.com/meet-stacy.html]
[www.stacylelfitness.com/explore-slf.html]
